2020-01-11 22:08:00.642291:HostEvent:Instantiate, DC: GBR, Host: 14592, Type: BAT, cores: 2, Mem: 16, Mem Util %: 0, Comp: 2, Comp Util %: 0, Num Tasks: 0, : 
2020-01-11 22:08:00.643294:HostEvent:Instantiate, DC: USA, Host: 97196, Type: GPU, cores: 16, Mem: 32, Mem Util %: 0, Comp: 16, Comp Util %: 0, Num Tasks: 0, : 
2020-01-11 22:08:00.644296:HostEvent:Instantiate, DC: ISL, Host: 32098, Type: BAT, cores: 4, Mem: 8, Mem Util %: 0, Comp: 4, Comp Util %: 0, Num Tasks: 0, : 
2020-01-11 22:08:00.645300:HostEvent:Instantiate, DC: ISL, Host: 18289, Type: CPU, cores: 8, Mem: 265, Mem Util %: 0, Comp: 8, Comp Util %: 0, Num Tasks: 0, : 
2020-01-11 22:08:00.646295:HostEvent:Instantiate, DC: GBR, Host: 13434, Type: CPU, cores: 8, Mem: 265, Mem Util %: 0, Comp: 8, Comp Util %: 0, Num Tasks: 0, : 
2020-01-11 22:08:00.647293:HostEvent:Instantiate, DC: ISL, Host: 97080, Type: GPU, cores: 8, Mem: 32, Mem Util %: 0, Comp: 8, Comp Util %: 0, Num Tasks: 0, : 
2020-01-11 22:08:00.647293:HostEvent:Instantiate, DC: AUS, Host: 11395, Type: BAT, cores: 2, Mem: 16, Mem Util %: 0, Comp: 2, Comp Util %: 0, Num Tasks: 0, : 
2020-01-11 22:08:00.648293:HostEvent:Instantiate, DC: ISL, Host: 55302, Type: GPU, cores: 8, Mem: 32, Mem Util %: 0, Comp: 8, Comp Util %: 0, Num Tasks: 0, : 
2020-01-11 22:08:00.649293:HostEvent:Instantiate, DC: USA, Host: 03905, Type: BAT, cores: 1, Mem: 16, Mem Util %: 0, Comp: 1, Comp Util %: 0, Num Tasks: 0, : 
2020-01-11 22:08:00.650294:HostEvent:Instantiate, DC: GBR, Host: 28657, Type: GPU, cores: 8, Mem: 32, Mem Util %: 0, Comp: 8, Comp Util %: 0, Num Tasks: 0, : 
2020-01-11 22:08:00.670291:HostEvent:Associate, Task: 529903, Profile: Saw, Pref Core: GPU, Load Factor: 7, Curr Mem: 0, Run Time: 19.0, Deficit: 0.0000, Cost: 0.0000, Time Left: 19.0, DC: ISL, Host: 18289, Type: CPU, cores: 8, Mem: 265, Mem Util %: 0, Comp: 8, Comp Util %: 0, Num Tasks: 1, : 
2020-01-11 22:08:00.671290:HostEvent:Associate, Task: 027824, Profile: Saw, Pref Core: GPU, Load Factor: 7, Curr Mem: 0, Run Time: 19.0, Deficit: 0.0000, Cost: 0.0000, Time Left: 19.0, DC: ISL, Host: 97080, Type: GPU, cores: 8, Mem: 32, Mem Util %: 0, Comp: 8, Comp Util %: 0, Num Tasks: 1, : 
2020-01-11 22:08:00.672291:HostEvent:Associate, Task: 208496, Profile: Saw, Pref Core: GPU, Load Factor: 7, Curr Mem: 0, Run Time: 19.0, Deficit: 0.0000, Cost: 0.0000, Time Left: 19.0, DC: GBR, Host: 14592, Type: BAT, cores: 2, Mem: 16, Mem Util %: 0, Comp: 2, Comp Util %: 0, Num Tasks: 1, : 
2020-01-11 22:08:00.673292:HostEvent:Associate, Task: 681453, Profile: Saw, Pref Core: GPU, Load Factor: 7, Curr Mem: 0, Run Time: 19.0, Deficit: 0.0000, Cost: 0.0000, Time Left: 19.0, DC: ISL, Host: 18289, Type: CPU, cores: 8, Mem: 265, Mem Util %: 0, Comp: 8, Comp Util %: 0, Num Tasks: 2, : 
2020-01-11 22:08:00.675292:HostEvent:Associate, Task: 571412, Profile: Saw, Pref Core: GPU, Load Factor: 7, Curr Mem: 0, Run Time: 19.0, Deficit: 0.0000, Cost: 0.0000, Time Left: 19.0, DC: ISL, Host: 97080, Type: GPU, cores: 8, Mem: 32, Mem Util %: 0, Comp: 8, Comp Util %: 0, Num Tasks: 2, : 
2020-01-11 22:08:00.676292:HostEvent:Associate, Task: 231148, Profile: Saw, Pref Core: GPU, Load Factor: 7, Curr Mem: 0, Run Time: 19.0, Deficit: 0.0000, Cost: 0.0000, Time Left: 19.0, DC: GBR, Host: 13434, Type: CPU, cores: 8, Mem: 265, Mem Util %: 0, Comp: 8, Comp Util %: 0, Num Tasks: 1, : 
2020-01-11 22:08:00.677269:HostEvent:Associate, Task: 617889, Profile: Saw, Pref Core: GPU, Load Factor: 7, Curr Mem: 0, Run Time: 19.0, Deficit: 0.0000, Cost: 0.0000, Time Left: 19.0, DC: USA, Host: 97196, Type: GPU, cores: 16, Mem: 32, Mem Util %: 0, Comp: 16, Comp Util %: 0, Num Tasks: 1, : 
2020-01-11 22:08:00.678291:HostEvent:Associate, Task: 848749, Profile: Saw, Pref Core: GPU, Load Factor: 7, Curr Mem: 0, Run Time: 19.0, Deficit: 0.0000, Cost: 0.0000, Time Left: 19.0, DC: ISL, Host: 18289, Type: CPU, cores: 8, Mem: 265, Mem Util %: 0, Comp: 8, Comp Util %: 0, Num Tasks: 3, : 
2020-01-11 22:08:00.680289:HostEvent:Associate, Task: 006814, Profile: Saw, Pref Core: GPU, Load Factor: 7, Curr Mem: 0, Run Time: 19.0, Deficit: 0.0000, Cost: 0.0000, Time Left: 19.0, DC: ISL, Host: 18289, Type: CPU, cores: 8, Mem: 265, Mem Util %: 0, Comp: 8, Comp Util %: 0, Num Tasks: 4, : 
2020-01-11 22:08:00.681289:HostEvent:Associate, Task: 844962, Profile: Saw, Pref Core: GPU, Load Factor: 7, Curr Mem: 0, Run Time: 19.0, Deficit: 0.0000, Cost: 0.0000, Time Left: 19.0, DC: ISL, Host: 32098, Type: BAT, cores: 4, Mem: 8, Mem Util %: 0, Comp: 4, Comp Util %: 0, Num Tasks: 1, : 
2020-01-11 22:08:00.682291:HostEvent:Associate, Task: 732052, Profile: Saw, Pref Core: GPU, Load Factor: 7, Curr Mem: 0, Run Time: 19.0, Deficit: 0.0000, Cost: 0.0000, Time Left: 19.0, DC: GBR, Host: 13434, Type: CPU, cores: 8, Mem: 265, Mem Util %: 0, Comp: 8, Comp Util %: 0, Num Tasks: 2, : 
2020-01-11 22:08:00.684292:HostEvent:Associate, Task: 356778, Profile: Saw, Pref Core: GPU, Load Factor: 7, Curr Mem: 0, Run Time: 19.0, Deficit: 0.0000, Cost: 0.0000, Time Left: 19.0, DC: ISL, Host: 18289, Type: CPU, cores: 8, Mem: 265, Mem Util %: 0, Comp: 8, Comp Util %: 0, Num Tasks: 5, : 
2020-01-11 22:08:00.685293:HostEvent:Associate, Task: 163032, Profile: Saw, Pref Core: GPU, Load Factor: 7, Curr Mem: 0, Run Time: 19.0, Deficit: 0.0000, Cost: 0.0000, Time Left: 19.0, DC: GBR, Host: 28657, Type: GPU, cores: 8, Mem: 32, Mem Util %: 0, Comp: 8, Comp Util %: 0, Num Tasks: 1, : 
2020-01-11 22:08:00.686291:HostEvent:Associate, Task: 800581, Profile: Saw, Pref Core: GPU, Load Factor: 7, Curr Mem: 0, Run Time: 19.0, Deficit: 0.0000, Cost: 0.0000, Time Left: 19.0, DC: AUS, Host: 11395, Type: BAT, cores: 2, Mem: 16, Mem Util %: 0, Comp: 2, Comp Util %: 0, Num Tasks: 1, : 
2020-01-11 22:08:00.687291:HostEvent:Associate, Task: 107175, Profile: Saw, Pref Core: GPU, Load Factor: 7, Curr Mem: 0, Run Time: 19.0, Deficit: 0.0000, Cost: 0.0000, Time Left: 19.0, DC: ISL, Host: 97080, Type: GPU, cores: 8, Mem: 32, Mem Util %: 0, Comp: 8, Comp Util %: 0, Num Tasks: 3, : 
2020-01-11 22:08:00.688290:HostEvent:Associate, Task: 398382, Profile: Saw, Pref Core: GPU, Load Factor: 7, Curr Mem: 0, Run Time: 19.0, Deficit: 0.0000, Cost: 0.0000, Time Left: 19.0, DC: USA, Host: 03905, Type: BAT, cores: 1, Mem: 16, Mem Util %: 0, Comp: 1, Comp Util %: 0, Num Tasks: 1, : 
2020-01-11 22:08:00.689293:HostEvent:Associate, Task: 376417, Profile: Saw, Pref Core: GPU, Load Factor: 7, Curr Mem: 0, Run Time: 19.0, Deficit: 0.0000, Cost: 0.0000, Time Left: 19.0, DC: ISL, Host: 55302, Type: GPU, cores: 8, Mem: 32, Mem Util %: 0, Comp: 8, Comp Util %: 0, Num Tasks: 1, : 
2020-01-11 22:08:00.690290:HostEvent:Associate, Task: 360663, Profile: Saw, Pref Core: GPU, Load Factor: 7, Curr Mem: 0, Run Time: 19.0, Deficit: 0.0000, Cost: 0.0000, Time Left: 19.0, DC: USA, Host: 97196, Type: GPU, cores: 16, Mem: 32, Mem Util %: 0, Comp: 16, Comp Util %: 0, Num Tasks: 2, : 
2020-01-11 22:08:00.692289:HostEvent:Associate, Task: 277370, Profile: Saw, Pref Core: GPU, Load Factor: 7, Curr Mem: 0, Run Time: 19.0, Deficit: 0.0000, Cost: 0.0000, Time Left: 19.0, DC: USA, Host: 97196, Type: GPU, cores: 16, Mem: 32, Mem Util %: 0, Comp: 16, Comp Util %: 0, Num Tasks: 3, : 
2020-01-11 22:08:00.693270:HostEvent:Associate, Task: 045561, Profile: Saw, Pref Core: GPU, Load Factor: 7, Curr Mem: 0, Run Time: 19.0, Deficit: 0.0000, Cost: 0.0000, Time Left: 19.0, DC: AUS, Host: 11395, Type: BAT, cores: 2, Mem: 16, Mem Util %: 0, Comp: 2, Comp Util %: 0, Num Tasks: 2, : 
2020-01-11 22:08:00.694291:HostEvent:Associate, Task: 481741, Profile: Saw, Pref Core: GPU, Load Factor: 7, Curr Mem: 0, Run Time: 19.0, Deficit: 0.0000, Cost: 0.0000, Time Left: 19.0, DC: AUS, Host: 11395, Type: BAT, cores: 2, Mem: 16, Mem Util %: 0, Comp: 2, Comp Util %: 0, Num Tasks: 3, : 
2020-01-11 22:08:00.695301:HostEvent:Associate, Task: 130889, Profile: Saw, Pref Core: GPU, Load Factor: 7, Curr Mem: 0, Run Time: 19.0, Deficit: 0.0000, Cost: 0.0000, Time Left: 19.0, DC: USA, Host: 03905, Type: BAT, cores: 1, Mem: 16, Mem Util %: 0, Comp: 1, Comp Util %: 0, Num Tasks: 2, : 
2020-01-11 22:08:00.697290:HostEvent:Associate, Task: 396922, Profile: Saw, Pref Core: GPU, Load Factor: 7, Curr Mem: 0, Run Time: 19.0, Deficit: 0.0000, Cost: 0.0000, Time Left: 19.0, DC: USA, Host: 03905, Type: BAT, cores: 1, Mem: 16, Mem Util %: 0, Comp: 1, Comp Util %: 0, Num Tasks: 3, : 
2020-01-11 22:08:00.699290:HostEvent:Associate, Task: 578856, Profile: Saw, Pref Core: GPU, Load Factor: 7, Curr Mem: 0, Run Time: 19.0, Deficit: 0.0000, Cost: 0.0000, Time Left: 19.0, DC: USA, Host: 03905, Type: BAT, cores: 1, Mem: 16, Mem Util %: 0, Comp: 1, Comp Util %: 0, Num Tasks: 4, : 
2020-01-11 22:08:00.700289:HostEvent:Associate, Task: 869693, Profile: Saw, Pref Core: GPU, Load Factor: 7, Curr Mem: 0, Run Time: 19.0, Deficit: 0.0000, Cost: 0.0000, Time Left: 19.0, DC: USA, Host: 97196, Type: GPU, cores: 16, Mem: 32, Mem Util %: 0, Comp: 16, Comp Util %: 0, Num Tasks: 4, : 
2020-01-11 22:08:00.701289:HostEvent:Associate, Task: 648564, Profile: Saw, Pref Core: GPU, Load Factor: 7, Curr Mem: 0, Run Time: 19.0, Deficit: 0.0000, Cost: 0.0000, Time Left: 19.0, DC: ISL, Host: 55302, Type: GPU, cores: 8, Mem: 32, Mem Util %: 0, Comp: 8, Comp Util %: 0, Num Tasks: 2, : 
2020-01-11 22:08:00.703290:HostEvent:Associate, Task: 903565, Profile: Saw, Pref Core: GPU, Load Factor: 7, Curr Mem: 0, Run Time: 19.0, Deficit: 0.0000, Cost: 0.0000, Time Left: 19.0, DC: GBR, Host: 13434, Type: CPU, cores: 8, Mem: 265, Mem Util %: 0, Comp: 8, Comp Util %: 0, Num Tasks: 3, : 
2020-01-11 22:08:00.704288:HostEvent:Associate, Task: 605397, Profile: Saw, Pref Core: GPU, Load Factor: 7, Curr Mem: 0, Run Time: 19.0, Deficit: 0.0000, Cost: 0.0000, Time Left: 19.0, DC: USA, Host: 03905, Type: BAT, cores: 1, Mem: 16, Mem Util %: 0, Comp: 1, Comp Util %: 0, Num Tasks: 5, : 
2020-01-11 22:08:00.706288:HostEvent:Associate, Task: 738797, Profile: Saw, Pref Core: GPU, Load Factor: 7, Curr Mem: 0, Run Time: 19.0, Deficit: 0.0000, Cost: 0.0000, Time Left: 19.0, DC: ISL, Host: 32098, Type: BAT, cores: 4, Mem: 8, Mem Util %: 0, Comp: 4, Comp Util %: 0, Num Tasks: 2, : 
2020-01-11 22:08:00.707290:HostEvent:Associate, Task: 048050, Profile: Saw, Pref Core: GPU, Load Factor: 7, Curr Mem: 0, Run Time: 19.0, Deficit: 0.0000, Cost: 0.0000, Time Left: 19.0, DC: ISL, Host: 32098, Type: BAT, cores: 4, Mem: 8, Mem Util %: 0, Comp: 4, Comp Util %: 0, Num Tasks: 3, : 
2020-01-11 22:08:00.708288:HostEvent:Associate, Task: 238968, Profile: Saw, Pref Core: GPU, Load Factor: 7, Curr Mem: 0, Run Time: 19.0, Deficit: 0.0000, Cost: 0.0000, Time Left: 19.0, DC: GBR, Host: 28657, Type: GPU, cores: 8, Mem: 32, Mem Util %: 0, Comp: 8, Comp Util %: 0, Num Tasks: 2, : 
2020-01-11 22:08:00.710288:HostEvent:Associate, Task: 303445, Profile: Saw, Pref Core: GPU, Load Factor: 7, Curr Mem: 0, Run Time: 19.0, Deficit: 0.0000, Cost: 0.0000, Time Left: 19.0, DC: ISL, Host: 55302, Type: GPU, cores: 8, Mem: 32, Mem Util %: 0, Comp: 8, Comp Util %: 0, Num Tasks: 3, : 
2020-01-11 22:08:00.711292:HostEvent:Associate, Task: 896865, Profile: Saw, Pref Core: GPU, Load Factor: 7, Curr Mem: 0, Run Time: 19.0, Deficit: 0.0000, Cost: 0.0000, Time Left: 19.0, DC: ISL, Host: 97080, Type: GPU, cores: 8, Mem: 32, Mem Util %: 0, Comp: 8, Comp Util %: 0, Num Tasks: 4, : 
2020-01-11 22:08:00.713288:HostEvent:Associate, Task: 908573, Profile: Saw, Pref Core: GPU, Load Factor: 7, Curr Mem: 0, Run Time: 19.0, Deficit: 0.0000, Cost: 0.0000, Time Left: 19.0, DC: ISL, Host: 18289, Type: CPU, cores: 8, Mem: 265, Mem Util %: 0, Comp: 8, Comp Util %: 0, Num Tasks: 6, : 
2020-01-11 22:08:00.715289:HostEvent:Associate, Task: 398591, Profile: Saw, Pref Core: GPU, Load Factor: 7, Curr Mem: 0, Run Time: 19.0, Deficit: 0.0000, Cost: 0.0000, Time Left: 19.0, DC: USA, Host: 97196, Type: GPU, cores: 16, Mem: 32, Mem Util %: 0, Comp: 16, Comp Util %: 0, Num Tasks: 5, : 
2020-01-11 22:08:00.717289:HostEvent:Associate, Task: 475435, Profile: Saw, Pref Core: GPU, Load Factor: 7, Curr Mem: 0, Run Time: 19.0, Deficit: 0.0000, Cost: 0.0000, Time Left: 19.0, DC: USA, Host: 03905, Type: BAT, cores: 1, Mem: 16, Mem Util %: 0, Comp: 1, Comp Util %: 0, Num Tasks: 6, : 
2020-01-11 22:08:00.719288:HostEvent:Associate, Task: 874628, Profile: Saw, Pref Core: GPU, Load Factor: 7, Curr Mem: 0, Run Time: 19.0, Deficit: 0.0000, Cost: 0.0000, Time Left: 19.0, DC: GBR, Host: 13434, Type: CPU, cores: 8, Mem: 265, Mem Util %: 0, Comp: 8, Comp Util %: 0, Num Tasks: 4, : 
2020-01-11 22:08:00.720288:HostEvent:Associate, Task: 170555, Profile: Saw, Pref Core: GPU, Load Factor: 7, Curr Mem: 0, Run Time: 19.0, Deficit: 0.0000, Cost: 0.0000, Time Left: 19.0, DC: ISL, Host: 55302, Type: GPU, cores: 8, Mem: 32, Mem Util %: 0, Comp: 8, Comp Util %: 0, Num Tasks: 4, : 
2020-01-11 22:08:00.722289:HostEvent:Associate, Task: 372528, Profile: Saw, Pref Core: GPU, Load Factor: 7, Curr Mem: 0, Run Time: 19.0, Deficit: 0.0000, Cost: 0.0000, Time Left: 19.0, DC: ISL, Host: 18289, Type: CPU, cores: 8, Mem: 265, Mem Util %: 0, Comp: 8, Comp Util %: 0, Num Tasks: 7, : 
2020-01-11 22:08:00.724288:HostEvent:Associate, Task: 702729, Profile: Saw, Pref Core: GPU, Load Factor: 7, Curr Mem: 0, Run Time: 19.0, Deficit: 0.0000, Cost: 0.0000, Time Left: 19.0, DC: GBR, Host: 14592, Type: BAT, cores: 2, Mem: 16, Mem Util %: 0, Comp: 2, Comp Util %: 0, Num Tasks: 2, : 
2020-01-11 22:08:00.725287:HostEvent:Associate, Task: 735911, Profile: Saw, Pref Core: GPU, Load Factor: 7, Curr Mem: 0, Run Time: 19.0, Deficit: 0.0000, Cost: 0.0000, Time Left: 19.0, DC: GBR, Host: 14592, Type: BAT, cores: 2, Mem: 16, Mem Util %: 0, Comp: 2, Comp Util %: 0, Num Tasks: 3, : 
2020-01-11 22:08:00.726290:HostEvent:Associate, Task: 716751, Profile: Saw, Pref Core: GPU, Load Factor: 7, Curr Mem: 0, Run Time: 19.0, Deficit: 0.0000, Cost: 0.0000, Time Left: 19.0, DC: GBR, Host: 14592, Type: BAT, cores: 2, Mem: 16, Mem Util %: 0, Comp: 2, Comp Util %: 0, Num Tasks: 4, : 
2020-01-11 22:08:00.728289:HostEvent:Associate, Task: 074870, Profile: Saw, Pref Core: GPU, Load Factor: 7, Curr Mem: 0, Run Time: 19.0, Deficit: 0.0000, Cost: 0.0000, Time Left: 19.0, DC: GBR, Host: 13434, Type: CPU, cores: 8, Mem: 265, Mem Util %: 0, Comp: 8, Comp Util %: 0, Num Tasks: 5, : 
2020-01-11 22:08:00.730289:HostEvent:Associate, Task: 665822, Profile: Saw, Pref Core: GPU, Load Factor: 7, Curr Mem: 0, Run Time: 19.0, Deficit: 0.0000, Cost: 0.0000, Time Left: 19.0, DC: GBR, Host: 28657, Type: GPU, cores: 8, Mem: 32, Mem Util %: 0, Comp: 8, Comp Util %: 0, Num Tasks: 3, : 
2020-01-11 22:08:00.732289:HostEvent:Associate, Task: 560086, Profile: Saw, Pref Core: GPU, Load Factor: 7, Curr Mem: 0, Run Time: 19.0, Deficit: 0.0000, Cost: 0.0000, Time Left: 19.0, DC: ISL, Host: 18289, Type: CPU, cores: 8, Mem: 265, Mem Util %: 0, Comp: 8, Comp Util %: 0, Num Tasks: 8, : 
2020-01-11 22:08:00.734288:HostEvent:Associate, Task: 256702, Profile: Saw, Pref Core: GPU, Load Factor: 7, Curr Mem: 0, Run Time: 19.0, Deficit: 0.0000, Cost: 0.0000, Time Left: 19.0, DC: ISL, Host: 97080, Type: GPU, cores: 8, Mem: 32, Mem Util %: 0, Comp: 8, Comp Util %: 0, Num Tasks: 5, : 
2020-01-11 22:08:00.736289:HostEvent:Associate, Task: 484714, Profile: Saw, Pref Core: GPU, Load Factor: 7, Curr Mem: 0, Run Time: 19.0, Deficit: 0.0000, Cost: 0.0000, Time Left: 19.0, DC: USA, Host: 97196, Type: GPU, cores: 16, Mem: 32, Mem Util %: 0, Comp: 16, Comp Util %: 0, Num Tasks: 6, : 
2020-01-11 22:08:00.738291:HostEvent:Associate, Task: 283060, Profile: Saw, Pref Core: GPU, Load Factor: 7, Curr Mem: 0, Run Time: 19.0, Deficit: 0.0000, Cost: 0.0000, Time Left: 19.0, DC: ISL, Host: 18289, Type: CPU, cores: 8, Mem: 265, Mem Util %: 0, Comp: 8, Comp Util %: 0, Num Tasks: 9, : 
2020-01-11 22:08:00.741293:HostEvent:Associate, Task: 671088, Profile: Saw, Pref Core: GPU, Load Factor: 7, Curr Mem: 0, Run Time: 19.0, Deficit: 0.0000, Cost: 0.0000, Time Left: 19.0, DC: USA, Host: 97196, Type: GPU, cores: 16, Mem: 32, Mem Util %: 0, Comp: 16, Comp Util %: 0, Num Tasks: 7, : 
2020-01-11 22:08:00.743287:HostEvent:Associate, Task: 584004, Profile: Saw, Pref Core: GPU, Load Factor: 7, Curr Mem: 0, Run Time: 19.0, Deficit: 0.0000, Cost: 0.0000, Time Left: 19.0, DC: USA, Host: 97196, Type: GPU, cores: 16, Mem: 32, Mem Util %: 0, Comp: 16, Comp Util %: 0, Num Tasks: 8, : 
2020-01-11 22:08:00.743287:SchedulerEvent:Start, :
2020-01-11 22:08:00.743287:SchedulerEvent:New Day, :1 
2020-01-11 22:08:00.745288:HostEvent:Execute, Task: 648564, Profile: Saw, Pref Core: GPU, Load Factor: 7, Curr Mem: 7, Run Time: 19.0, Deficit: 0.0000, Cost: 0.3500, Time Left: 18.0, DC: ISL, Host: 55302, Type: GPU, cores: 8, Mem: 32, Mem Util %: 21, Comp: 8, Comp Util %: 8, Num Tasks: 4, : 
